

Started GET "/" for 127.0.0.1 at 2012-11-13 19:03:08 +0100
Processing by PagesController#index as HTML
  Rendered pages/index.html.haml within layouts/application (2.0ms)
Compiled reset.css  (0ms)  (pid 6908)
Compiled jquery-ui.css  (1186ms)  (pid 6908)
Compiled jquery.chosen.css  (155ms)  (pid 6908)
Compiled jquery.Jcrop.css  (52ms)  (pid 6908)
Compiled jquery.timepicker.css  (50ms)  (pid 6908)
Compiled jquery.tagsinput.css  (0ms)  (pid 6908)
Compiled admin/default.css  (65ms)  (pid 6908)
Compiled admin/application.css  (2407ms)  (pid 6908)
Completed 500 Internal Server Error in 3239ms

ActionView::Template::Error (cannot load such file -- less
  (in C:/Users/Kees/Documents/GitHub/crowdrevolt/app/assets/stylesheets/admin/bootstrap_and_overrides.css.less)):
    5:     <!--[if lt IE 9]>
    6:     = javascript_include_tag("http://html5shim.googlecode.com/svn/trunk/html5.js")
    7:     <![endif]-->
    8:     = stylesheet_link_tag("application")
    9:     = javascript_include_tag("application")
    10:     = javascript_include_tag("/ckeditor/ckeditor")
    11:     <!--[if lt IE 9]>
  app/views/layouts/application.html.haml:8:in `_app_views_layouts_application_html_haml__195091701_38903760'


  Rendered C:/Ruby193/lib/ruby/gems/1.9.1/gems/actionpack-3.2.3/lib/action_dispatch/middleware/templates/rescues/_trace.erb (8.0ms)
  Rendered C:/Ruby193/lib/ruby/gems/1.9.1/gems/actionpack-3.2.3/lib/action_dispatch/middleware/templates/rescues/_request_and_response.erb (2.0ms)
  Rendered C:/Ruby193/lib/ruby/gems/1.9.1/gems/actionpack-3.2.3/lib/action_dispatch/middleware/templates/rescues/template_error.erb within rescues/layout (79.0ms)


Started GET "/" for 127.0.0.1 at 2012-11-13 19:04:12 +0100
Processing by PagesController#index as HTML
  Rendered pages/index.html.haml within layouts/application (0.0ms)
Completed 500 Internal Server Error in 194ms

ActionView::Template::Error (cannot load such file -- less
  (in C:/Users/Kees/Documents/GitHub/crowdrevolt/app/assets/stylesheets/admin/bootstrap_and_overrides.css.less)):
    5:     <!--[if lt IE 9]>
    6:     = javascript_include_tag("http://html5shim.googlecode.com/svn/trunk/html5.js")
    7:     <![endif]-->
    8:     = stylesheet_link_tag("application")
    9:     = javascript_include_tag("application")
    10:     = javascript_include_tag("/ckeditor/ckeditor")
    11:     <!--[if lt IE 9]>
  app/views/layouts/application.html.haml:8:in `_app_views_layouts_application_html_haml__195091701_38903760'


  Rendered C:/Ruby193/lib/ruby/gems/1.9.1/gems/actionpack-3.2.3/lib/action_dispatch/middleware/templates/rescues/_trace.erb (8.0ms)
  Rendered C:/Ruby193/lib/ruby/gems/1.9.1/gems/actionpack-3.2.3/lib/action_dispatch/middleware/templates/rescues/_request_and_response.erb (1.0ms)
  Rendered C:/Ruby193/lib/ruby/gems/1.9.1/gems/actionpack-3.2.3/lib/action_dispatch/middleware/templates/rescues/template_error.erb within rescues/layout (100.0ms)


Started GET "/" for 127.0.0.1 at 2012-11-13 19:16:17 +0100
Processing by PagesController#index as HTML
  Rendered pages/index.html.haml within layouts/application (1.0ms)
Completed 500 Internal Server Error in 807ms

ActionView::Template::Error (cannot load such file -- less
  (in C:/Users/Kees/Documents/GitHub/crowdrevolt/app/assets/stylesheets/admin/bootstrap_and_overrides.css.less)):
    5:     <!--[if lt IE 9]>
    6:     = javascript_include_tag("http://html5shim.googlecode.com/svn/trunk/html5.js")
    7:     <![endif]-->
    8:     = stylesheet_link_tag("application")
    9:     = javascript_include_tag("application")
    10:     = javascript_include_tag("/ckeditor/ckeditor")
    11:     <!--[if lt IE 9]>
  app/views/layouts/application.html.haml:8:in `_app_views_layouts_application_html_haml__807642881_42363192'


  Rendered C:/Ruby193/lib/ruby/gems/1.9.1/gems/actionpack-3.2.3/lib/action_dispatch/middleware/templates/rescues/_trace.erb (10.0ms)
  Rendered C:/Ruby193/lib/ruby/gems/1.9.1/gems/actionpack-3.2.3/lib/action_dispatch/middleware/templates/rescues/_request_and_response.erb (4.0ms)
  Rendered C:/Ruby193/lib/ruby/gems/1.9.1/gems/actionpack-3.2.3/lib/action_dispatch/middleware/templates/rescues/template_error.erb within rescues/layout (79.0ms)


Started GET "/" for 127.0.0.1 at 2012-11-13 19:18:55 +0100
Processing by PagesController#index as HTML
  Rendered pages/index.html.haml within layouts/application (1.0ms)
Compiled bootstrap.css  (133ms)  (pid 6660)
Compiled comments.css  (11ms)  (pid 6660)
Compiled password_resets.css  (9ms)  (pid 6660)
Compiled scaffolds.css  (172ms)  (pid 6660)
Compiled user_session.css  (188ms)  (pid 6660)
Compiled users.css  (14ms)  (pid 6660)
Compiled application.css  (2391ms)  (pid 6660)
Completed 500 Internal Server Error in 3172ms

ActionView::Template::Error (couldn't find file 'twitter/bootstrap'
  (in C:/Users/Kees/Documents/GitHub/crowdrevolt/app/assets/javascripts/application.js:4)):
    6:     = javascript_include_tag("http://html5shim.googlecode.com/svn/trunk/html5.js")
    7:     <![endif]-->
    8:     = stylesheet_link_tag("application")
    9:     = javascript_include_tag("application")
    10:     = javascript_include_tag("/ckeditor/ckeditor")
    11:     <!--[if lt IE 9]>
    12:     / = javascript_include_tag("ie.js")
  app/views/layouts/application.html.haml:9:in `_app_views_layouts_application_html_haml__807642881_42363192'


  Rendered C:/Ruby193/lib/ruby/gems/1.9.1/gems/actionpack-3.2.3/lib/action_dispatch/middleware/templates/rescues/_trace.erb (17.0ms)
  Rendered C:/Ruby193/lib/ruby/gems/1.9.1/gems/actionpack-3.2.3/lib/action_dispatch/middleware/templates/rescues/_request_and_response.erb (8.0ms)
  Rendered C:/Ruby193/lib/ruby/gems/1.9.1/gems/actionpack-3.2.3/lib/action_dispatch/middleware/templates/rescues/template_error.erb within rescues/layout (124.0ms)


Started GET "/" for 127.0.0.1 at 2012-11-13 19:19:27 +0100
Processing by PagesController#index as HTML
  Rendered pages/index.html.haml within layouts/application (0.0ms)
Compiled jquery.js  (11ms)  (pid 6660)
Compiled jquery_ujs.js  (3ms)  (pid 6660)
Compiled jquery_nested_form.js  (0ms)  (pid 6660)
Completed 500 Internal Server Error in 745ms

ActionView::Template::Error (couldn't find file 'twitter/bootstrap'
  (in C:/Users/Kees/Documents/GitHub/crowdrevolt/app/assets/javascripts/admin/application.js:7)):
    6:     = javascript_include_tag("http://html5shim.googlecode.com/svn/trunk/html5.js")
    7:     <![endif]-->
    8:     = stylesheet_link_tag("application")
    9:     = javascript_include_tag("application")
    10:     = javascript_include_tag("/ckeditor/ckeditor")
    11:     <!--[if lt IE 9]>
    12:     / = javascript_include_tag("ie.js")
  app/views/layouts/application.html.haml:9:in `_app_views_layouts_application_html_haml__807642881_42363192'


  Rendered C:/Ruby193/lib/ruby/gems/1.9.1/gems/actionpack-3.2.3/lib/action_dispatch/middleware/templates/rescues/_trace.erb (10.0ms)
  Rendered C:/Ruby193/lib/ruby/gems/1.9.1/gems/actionpack-3.2.3/lib/action_dispatch/middleware/templates/rescues/_request_and_response.erb (3.0ms)
  Rendered C:/Ruby193/lib/ruby/gems/1.9.1/gems/actionpack-3.2.3/lib/action_dispatch/middleware/templates/rescues/template_error.erb within rescues/layout (67.0ms)


Started GET "/" for 127.0.0.1 at 2012-11-13 19:19:42 +0100
Processing by PagesController#index as HTML
  Rendered pages/index.html.haml within layouts/application (0.0ms)
Compiled jquery-ui.js  (6ms)  (pid 6660)
Compiled jquery.timepicker.js  (2ms)  (pid 6660)
Compiled jquery.Jcrop.js  (2ms)  (pid 6660)
Compiled admin/default.js  (62ms)  (pid 6660)
Compiled admin/application.js  (693ms)  (pid 6660)
Compiled comments.js  (0ms)  (pid 6660)
Compiled password_resets.js  (0ms)  (pid 6660)
Compiled user_session.js  (1ms)  (pid 6660)
Compiled users.js  (1ms)  (pid 6660)
Compiled application.js  (1681ms)  (pid 6660)
  Rendered application/_header.html.haml (194.0ms)
Completed 200 OK in 2287ms (Views: 2286.8ms | ActiveRecord: 0.0ms)


Started GET "/assets/reset.css?body=1" for 127.0.0.1 at 2012-11-13 19:19:45 +0100
Served asset /reset.css - 304 Not Modified (15ms)


Started GET "/assets/jquery-ui.css?body=1" for 127.0.0.1 at 2012-11-13 19:19:45 +0100
Served asset /jquery-ui.css - 304 Not Modified (66ms)


Started GET "/assets/jquery.tagsinput.css?body=1" for 127.0.0.1 at 2012-11-13 19:19:45 +0100
Served asset /jquery.tagsinput.css - 304 Not Modified (67ms)


Started GET "/assets/jquery.chosen.css?body=1" for 127.0.0.1 at 2012-11-13 19:19:45 +0100
Served asset /jquery.chosen.css - 304 Not Modified (117ms)


Started GET "/assets/jquery.Jcrop.css?body=1" for 127.0.0.1 at 2012-11-13 19:19:45 +0100
Served asset /jquery.Jcrop.css - 304 Not Modified (76ms)


Started GET "/assets/jquery.timepicker.css?body=1" for 127.0.0.1 at 2012-11-13 19:19:45 +0100
Served asset /jquery.timepicker.css - 304 Not Modified (8ms)


Started GET "/assets/admin/default.css?body=1" for 127.0.0.1 at 2012-11-13 19:19:46 +0100
Served asset /admin/default.css - 304 Not Modified (9ms)


Started GET "/assets/comments.css?body=1" for 127.0.0.1 at 2012-11-13 19:19:46 +0100
Served asset /comments.css - 304 Not Modified (72ms)


Started GET "/assets/bootstrap.css?body=1" for 127.0.0.1 at 2012-11-13 19:19:46 +0100
Served asset /bootstrap.css - 304 Not Modified (225ms)


Started GET "/assets/password_resets.css?body=1" for 127.0.0.1 at 2012-11-13 19:19:46 +0100
Served asset /password_resets.css - 304 Not Modified (5ms)


Started GET "/assets/scaffolds.css?body=1" for 127.0.0.1 at 2012-11-13 19:19:46 +0100
Served asset /scaffolds.css - 304 Not Modified (60ms)


Started GET "/assets/user_session.css?body=1" for 127.0.0.1 at 2012-11-13 19:19:46 +0100
Served asset /user_session.css - 304 Not Modified (5ms)


Started GET "/assets/users.css?body=1" for 127.0.0.1 at 2012-11-13 19:19:46 +0100
Served asset /users.css - 304 Not Modified (10ms)


Started GET "/assets/jquery.js?body=1" for 127.0.0.1 at 2012-11-13 19:19:46 +0100
Served asset /jquery.js - 304 Not Modified (452ms)


Started GET "/assets/jquery_ujs.js?body=1" for 127.0.0.1 at 2012-11-13 19:19:47 +0100
Served asset /jquery_ujs.js - 304 Not Modified (103ms)


Started GET "/assets/jquery_nested_form.js?body=1" for 127.0.0.1 at 2012-11-13 19:19:47 +0100
Served asset /jquery_nested_form.js - 304 Not Modified (11ms)


Started GET "/assets/jquery-ui.js?body=1" for 127.0.0.1 at 2012-11-13 19:19:47 +0100
Served asset /jquery-ui.js - 304 Not Modified (464ms)


Started GET "/assets/jquery.timepicker.js?body=1" for 127.0.0.1 at 2012-11-13 19:19:48 +0100
Served asset /jquery.timepicker.js - 304 Not Modified (87ms)


Started GET "/assets/jquery.Jcrop.js?body=1" for 127.0.0.1 at 2012-11-13 19:19:48 +0100
Served asset /jquery.Jcrop.js - 304 Not Modified (70ms)


Started GET "/assets/admin/default.js?body=1" for 127.0.0.1 at 2012-11-13 19:19:48 +0100
Served asset /admin/default.js - 304 Not Modified (9ms)


Started GET "/assets/comments.js?body=1" for 127.0.0.1 at 2012-11-13 19:19:48 +0100
Served asset /comments.js - 304 Not Modified (7ms)


Started GET "/assets/password_resets.js?body=1" for 127.0.0.1 at 2012-11-13 19:19:48 +0100
Served asset /password_resets.js - 304 Not Modified (4ms)


Started GET "/assets/users.js?body=1" for 127.0.0.1 at 2012-11-13 19:19:48 +0100
Served asset /users.js - 304 Not Modified (4ms)


Started GET "/assets/user_session.js?body=1" for 127.0.0.1 at 2012-11-13 19:19:48 +0100
Served asset /user_session.js - 304 Not Modified (3ms)


Started GET "/glyphicons-halflings.png" for 127.0.0.1 at 2012-11-13 19:19:50 +0100

ActionController::RoutingError (No route matches [GET] "/glyphicons-halflings.png"):
  actionpack (3.2.3) lib/action_dispatch/middleware/debug_exceptions.rb:21:in `call'
  actionpack (3.2.3) lib/action_dispatch/middleware/show_exceptions.rb:56:in `call'
  railties (3.2.3) lib/rails/rack/logger.rb:26:in `call_app'
  railties (3.2.3) lib/rails/rack/logger.rb:16:in `call'
  actionpack (3.2.3) lib/action_dispatch/middleware/request_id.rb:22:in `call'
  rack (1.4.1) lib/rack/methodoverride.rb:21:in `call'
  rack (1.4.1) lib/rack/runtime.rb:17:in `call'
  activesupport (3.2.3) lib/active_support/cache/strategy/local_cache.rb:72:in `call'
  rack (1.4.1) lib/rack/lock.rb:15:in `call'
  actionpack (3.2.3) lib/action_dispatch/middleware/static.rb:62:in `call'
  railties (3.2.3) lib/rails/engine.rb:479:in `call'
  railties (3.2.3) lib/rails/application.rb:220:in `call'
  rack (1.4.1) lib/rack/content_length.rb:14:in `call'
  railties (3.2.3) lib/rails/rack/log_tailer.rb:14:in `call'
  rack (1.4.1) lib/rack/handler/webrick.rb:59:in `service'
  C:/Ruby193/lib/ruby/1.9.1/webrick/httpserver.rb:138:in `service'
  C:/Ruby193/lib/ruby/1.9.1/webrick/httpserver.rb:94:in `run'
  C:/Ruby193/lib/ruby/1.9.1/webrick/server.rb:191:in `block in start_thread'


  Rendered C:/Ruby193/lib/ruby/gems/1.9.1/gems/actionpack-3.2.3/lib/action_dispatch/middleware/templates/rescues/routing_error.erb within rescues/layout (1.0ms)


Started GET "/posts" for 127.0.0.1 at 2012-11-13 19:27:20 +0100
Processing by PostsController#index as HTML
  [1m[36mPost Load (3.0ms)[0m  [1mSELECT `posts`.* FROM `posts` [0m
  Rendered posts/index.html.haml within layouts/application (3.0ms)
  Rendered application/_header.html.haml (3.0ms)
Completed 200 OK in 226ms (Views: 116.0ms | ActiveRecord: 65.9ms)


Started GET "/assets/reset.css?body=1" for 127.0.0.1 at 2012-11-13 19:27:20 +0100
Served asset /reset.css - 304 Not Modified (1ms)


Started GET "/assets/jquery.Jcrop.css?body=1" for 127.0.0.1 at 2012-11-13 19:27:20 +0100
Served asset /jquery.Jcrop.css - 304 Not Modified (1ms)


Started GET "/assets/jquery.timepicker.css?body=1" for 127.0.0.1 at 2012-11-13 19:27:21 +0100
Served asset /jquery.timepicker.css - 304 Not Modified (0ms)


Started GET "/assets/jquery.chosen.css?body=1" for 127.0.0.1 at 2012-11-13 19:27:21 +0100
Served asset /jquery.chosen.css - 304 Not Modified (0ms)


Started GET "/assets/jquery-ui.css?body=1" for 127.0.0.1 at 2012-11-13 19:27:21 +0100
Served asset /jquery-ui.css - 304 Not Modified (1ms)


Started GET "/assets/jquery.tagsinput.css?body=1" for 127.0.0.1 at 2012-11-13 19:27:21 +0100
Served asset /jquery.tagsinput.css - 304 Not Modified (0ms)


Started GET "/assets/admin/default.css?body=1" for 127.0.0.1 at 2012-11-13 19:27:21 +0100
Served asset /admin/default.css - 304 Not Modified (1ms)


Started GET "/assets/comments.css?body=1" for 127.0.0.1 at 2012-11-13 19:27:21 +0100
Served asset /comments.css - 304 Not Modified (0ms)


Started GET "/assets/bootstrap.css?body=1" for 127.0.0.1 at 2012-11-13 19:27:21 +0100
Served asset /bootstrap.css - 304 Not Modified (1ms)


Started GET "/assets/password_resets.css?body=1" for 127.0.0.1 at 2012-11-13 19:27:21 +0100
Served asset /password_resets.css - 304 Not Modified (0ms)


Started GET "/assets/scaffolds.css?body=1" for 127.0.0.1 at 2012-11-13 19:27:21 +0100
Served asset /scaffolds.css - 304 Not Modified (0ms)


Started GET "/assets/user_session.css?body=1" for 127.0.0.1 at 2012-11-13 19:27:21 +0100
Served asset /user_session.css - 304 Not Modified (1ms)


Started GET "/assets/users.css?body=1" for 127.0.0.1 at 2012-11-13 19:27:22 +0100
Served asset /users.css - 304 Not Modified (0ms)


Started GET "/assets/jquery.js?body=1" for 127.0.0.1 at 2012-11-13 19:27:22 +0100
Served asset /jquery.js - 304 Not Modified (0ms)


Started GET "/assets/jquery_ujs.js?body=1" for 127.0.0.1 at 2012-11-13 19:27:22 +0100
Served asset /jquery_ujs.js - 304 Not Modified (0ms)


Started GET "/assets/jquery_nested_form.js?body=1" for 127.0.0.1 at 2012-11-13 19:27:22 +0100
Served asset /jquery_nested_form.js - 304 Not Modified (0ms)


Started GET "/assets/jquery-ui.js?body=1" for 127.0.0.1 at 2012-11-13 19:27:22 +0100
Served asset /jquery-ui.js - 304 Not Modified (0ms)


Started GET "/assets/jquery.timepicker.js?body=1" for 127.0.0.1 at 2012-11-13 19:27:22 +0100
Served asset /jquery.timepicker.js - 304 Not Modified (0ms)


Started GET "/assets/jquery.Jcrop.js?body=1" for 127.0.0.1 at 2012-11-13 19:27:22 +0100
Served asset /jquery.Jcrop.js - 304 Not Modified (0ms)


Started GET "/assets/admin/default.js?body=1" for 127.0.0.1 at 2012-11-13 19:27:22 +0100
Served asset /admin/default.js - 304 Not Modified (0ms)


Started GET "/assets/comments.js?body=1" for 127.0.0.1 at 2012-11-13 19:27:22 +0100
Served asset /comments.js - 304 Not Modified (0ms)


Started GET "/assets/password_resets.js?body=1" for 127.0.0.1 at 2012-11-13 19:27:22 +0100
Served asset /password_resets.js - 304 Not Modified (0ms)


Started GET "/assets/user_session.js?body=1" for 127.0.0.1 at 2012-11-13 19:27:23 +0100
Served asset /user_session.js - 304 Not Modified (0ms)


Started GET "/assets/users.js?body=1" for 127.0.0.1 at 2012-11-13 19:27:23 +0100
Served asset /users.js - 304 Not Modified (1ms)


Started GET "/inloggen" for 127.0.0.1 at 2012-11-13 19:27:28 +0100
Processing by UserSessionsController#new as HTML
  Rendered user_sessions/_form.html.haml (7.0ms)
  Rendered user_sessions/new.html.haml within layouts/application (21.0ms)
  Rendered application/_header.html.haml (3.0ms)
Completed 200 OK in 139ms (Views: 138.0ms | ActiveRecord: 0.0ms)


Started GET "/assets/reset.css?body=1" for 127.0.0.1 at 2012-11-13 19:27:28 +0100
Served asset /reset.css - 304 Not Modified (1ms)


Started GET "/assets/jquery-ui.css?body=1" for 127.0.0.1 at 2012-11-13 19:27:28 +0100
Served asset /jquery-ui.css - 304 Not Modified (0ms)


Started GET "/assets/jquery.chosen.css?body=1" for 127.0.0.1 at 2012-11-13 19:27:28 +0100
Served asset /jquery.chosen.css - 304 Not Modified (1ms)


Started GET "/assets/jquery.Jcrop.css?body=1" for 127.0.0.1 at 2012-11-13 19:27:28 +0100
Served asset /jquery.Jcrop.css - 304 Not Modified (1ms)


Started GET "/assets/jquery.timepicker.css?body=1" for 127.0.0.1 at 2012-11-13 19:27:29 +0100
Served asset /jquery.timepicker.css - 304 Not Modified (3ms)


Started GET "/assets/jquery.tagsinput.css?body=1" for 127.0.0.1 at 2012-11-13 19:27:29 +0100
Served asset /jquery.tagsinput.css - 304 Not Modified (0ms)


Started GET "/assets/admin/default.css?body=1" for 127.0.0.1 at 2012-11-13 19:27:29 +0100
Served asset /admin/default.css - 304 Not Modified (0ms)


Started GET "/assets/bootstrap.css?body=1" for 127.0.0.1 at 2012-11-13 19:27:29 +0100
Served asset /bootstrap.css - 304 Not Modified (0ms)


Started GET "/assets/comments.css?body=1" for 127.0.0.1 at 2012-11-13 19:27:29 +0100
Served asset /comments.css - 304 Not Modified (1ms)


Started GET "/assets/scaffolds.css?body=1" for 127.0.0.1 at 2012-11-13 19:27:29 +0100
Served asset /scaffolds.css - 304 Not Modified (0ms)


Started GET "/assets/password_resets.css?body=1" for 127.0.0.1 at 2012-11-13 19:27:29 +0100
Served asset /password_resets.css - 304 Not Modified (1ms)


Started GET "/assets/user_session.css?body=1" for 127.0.0.1 at 2012-11-13 19:27:29 +0100
Served asset /user_session.css - 304 Not Modified (1ms)


Started GET "/assets/users.css?body=1" for 127.0.0.1 at 2012-11-13 19:27:29 +0100
Served asset /users.css - 304 Not Modified (0ms)


Started GET "/assets/jquery.js?body=1" for 127.0.0.1 at 2012-11-13 19:27:29 +0100
Served asset /jquery.js - 304 Not Modified (1ms)


Started GET "/assets/jquery_ujs.js?body=1" for 127.0.0.1 at 2012-11-13 19:27:30 +0100
Served asset /jquery_ujs.js - 304 Not Modified (3ms)


Started GET "/assets/jquery-ui.js?body=1" for 127.0.0.1 at 2012-11-13 19:27:30 +0100
Served asset /jquery-ui.js - 304 Not Modified (0ms)


Started GET "/assets/jquery_nested_form.js?body=1" for 127.0.0.1 at 2012-11-13 19:27:30 +0100
Served asset /jquery_nested_form.js - 304 Not Modified (0ms)


Started GET "/assets/jquery.timepicker.js?body=1" for 127.0.0.1 at 2012-11-13 19:27:30 +0100
Served asset /jquery.timepicker.js - 304 Not Modified (1ms)


Started GET "/assets/jquery.Jcrop.js?body=1" for 127.0.0.1 at 2012-11-13 19:27:30 +0100
Served asset /jquery.Jcrop.js - 304 Not Modified (1ms)


Started GET "/assets/comments.js?body=1" for 127.0.0.1 at 2012-11-13 19:27:30 +0100
Served asset /comments.js - 304 Not Modified (0ms)


Started GET "/assets/admin/default.js?body=1" for 127.0.0.1 at 2012-11-13 19:27:30 +0100
Served asset /admin/default.js - 304 Not Modified (0ms)


Started GET "/assets/password_resets.js?body=1" for 127.0.0.1 at 2012-11-13 19:27:30 +0100
Served asset /password_resets.js - 304 Not Modified (0ms)


Started GET "/assets/user_session.js?body=1" for 127.0.0.1 at 2012-11-13 19:27:30 +0100
Served asset /user_session.js - 304 Not Modified (1ms)


Started GET "/assets/users.js?body=1" for 127.0.0.1 at 2012-11-13 19:27:30 +0100
Served asset /users.js - 304 Not Modified (1ms)


Started POST "/user_sessions" for 127.0.0.1 at 2012-11-13 19:27:44 +0100
Processing by UserSessionsController#create as HTML
  Parameters: {"utf8"=>"✓", "authenticity_token"=>"XYclO5H27U5zHIx2k+UMny0m5Hp5YmjA2hEsyQ2UTY4=", "username"=>"admin", "password"=>"[FILTERED]", "commit"=>"Login"}
  [1m[35mUser Load (19.0ms)[0m  SELECT `users`.* FROM `users` WHERE (username = 'admin') LIMIT 1
Redirected to http://localhost:3000/inloggen
Completed 302 Found in 464ms (ActiveRecord: 82.7ms)


Started GET "/inloggen" for 127.0.0.1 at 2012-11-13 19:27:45 +0100
Processing by UserSessionsController#new as HTML
  Rendered user_sessions/_form.html.haml (4.0ms)
  Rendered user_sessions/new.html.haml within layouts/application (9.0ms)
  Rendered application/_header.html.haml (2.0ms)
Completed 200 OK in 114ms (Views: 114.0ms | ActiveRecord: 0.0ms)


Started GET "/assets/jquery-ui.css?body=1" for 127.0.0.1 at 2012-11-13 19:27:45 +0100
Served asset /jquery-ui.css - 304 Not Modified (1ms)


Started GET "/assets/reset.css?body=1" for 127.0.0.1 at 2012-11-13 19:27:45 +0100
Served asset /reset.css - 304 Not Modified (0ms)


Started GET "/assets/jquery.chosen.css?body=1" for 127.0.0.1 at 2012-11-13 19:27:45 +0100
Served asset /jquery.chosen.css - 304 Not Modified (0ms)


Started GET "/assets/jquery.Jcrop.css?body=1" for 127.0.0.1 at 2012-11-13 19:27:46 +0100
Served asset /jquery.Jcrop.css - 304 Not Modified (0ms)


Started GET "/assets/jquery.tagsinput.css?body=1" for 127.0.0.1 at 2012-11-13 19:27:46 +0100
Served asset /jquery.tagsinput.css - 304 Not Modified (0ms)


Started GET "/assets/jquery.timepicker.css?body=1" for 127.0.0.1 at 2012-11-13 19:27:46 +0100
Served asset /jquery.timepicker.css - 304 Not Modified (1ms)


Started GET "/assets/admin/default.css?body=1" for 127.0.0.1 at 2012-11-13 19:27:46 +0100
Served asset /admin/default.css - 304 Not Modified (1ms)


Started GET "/assets/bootstrap.css?body=1" for 127.0.0.1 at 2012-11-13 19:27:46 +0100
Served asset /bootstrap.css - 304 Not Modified (1ms)


Started GET "/assets/comments.css?body=1" for 127.0.0.1 at 2012-11-13 19:27:46 +0100
Served asset /comments.css - 304 Not Modified (0ms)


Started GET "/assets/scaffolds.css?body=1" for 127.0.0.1 at 2012-11-13 19:27:46 +0100
Served asset /scaffolds.css - 304 Not Modified (0ms)


Started GET "/assets/password_resets.css?body=1" for 127.0.0.1 at 2012-11-13 19:27:46 +0100
Served asset /password_resets.css - 304 Not Modified (0ms)


Started GET "/assets/user_session.css?body=1" for 127.0.0.1 at 2012-11-13 19:27:46 +0100
Served asset /user_session.css - 304 Not Modified (0ms)


Started GET "/assets/users.css?body=1" for 127.0.0.1 at 2012-11-13 19:27:46 +0100
Served asset /users.css - 304 Not Modified (1ms)


Started GET "/assets/jquery.js?body=1" for 127.0.0.1 at 2012-11-13 19:27:46 +0100
Served asset /jquery.js - 304 Not Modified (0ms)


Started GET "/assets/jquery_ujs.js?body=1" for 127.0.0.1 at 2012-11-13 19:27:47 +0100
Served asset /jquery_ujs.js - 304 Not Modified (1ms)


Started GET "/assets/jquery_nested_form.js?body=1" for 127.0.0.1 at 2012-11-13 19:27:47 +0100
Served asset /jquery_nested_form.js - 304 Not Modified (1ms)


Started GET "/assets/jquery-ui.js?body=1" for 127.0.0.1 at 2012-11-13 19:27:47 +0100
Served asset /jquery-ui.js - 304 Not Modified (0ms)


Started GET "/assets/jquery.timepicker.js?body=1" for 127.0.0.1 at 2012-11-13 19:27:47 +0100
Served asset /jquery.timepicker.js - 304 Not Modified (0ms)


Started GET "/assets/jquery.Jcrop.js?body=1" for 127.0.0.1 at 2012-11-13 19:27:47 +0100
Served asset /jquery.Jcrop.js - 304 Not Modified (0ms)


Started GET "/assets/admin/default.js?body=1" for 127.0.0.1 at 2012-11-13 19:27:47 +0100
Served asset /admin/default.js - 304 Not Modified (1ms)


Started GET "/assets/comments.js?body=1" for 127.0.0.1 at 2012-11-13 19:27:47 +0100
Served asset /comments.js - 304 Not Modified (0ms)


Started GET "/assets/password_resets.js?body=1" for 127.0.0.1 at 2012-11-13 19:27:47 +0100
Served asset /password_resets.js - 304 Not Modified (1ms)


Started GET "/assets/users.js?body=1" for 127.0.0.1 at 2012-11-13 19:27:47 +0100
Served asset /users.js - 304 Not Modified (1ms)


Started GET "/assets/user_session.js?body=1" for 127.0.0.1 at 2012-11-13 19:27:47 +0100
Served asset /user_session.js - 304 Not Modified (0ms)


Started POST "/user_sessions" for 127.0.0.1 at 2012-11-13 19:28:46 +0100
Processing by UserSessionsController#create as HTML
  Parameters: {"utf8"=>"✓", "authenticity_token"=>"XYclO5H27U5zHIx2k+UMny0m5Hp5YmjA2hEsyQ2UTY4=", "username"=>"admin", "password"=>"[FILTERED]", "commit"=>"Login"}
  [1m[36mUser Load (2.0ms)[0m  [1mSELECT `users`.* FROM `users` WHERE (username = 'admin') LIMIT 1[0m
Redirected to http://localhost:3000/inloggen
Completed 302 Found in 6ms (ActiveRecord: 2.0ms)


Started GET "/inloggen" for 127.0.0.1 at 2012-11-13 19:28:46 +0100
Processing by UserSessionsController#new as HTML
  Rendered user_sessions/_form.html.haml (3.0ms)
  Rendered user_sessions/new.html.haml within layouts/application (9.0ms)
  Rendered application/_header.html.haml (4.0ms)
Completed 200 OK in 118ms (Views: 117.0ms | ActiveRecord: 0.0ms)


Started GET "/assets/reset.css?body=1" for 127.0.0.1 at 2012-11-13 19:28:46 +0100
Served asset /reset.css - 304 Not Modified (0ms)


Started GET "/assets/jquery.chosen.css?body=1" for 127.0.0.1 at 2012-11-13 19:28:47 +0100
Served asset /jquery.chosen.css - 304 Not Modified (1ms)


Started GET "/assets/jquery-ui.css?body=1" for 127.0.0.1 at 2012-11-13 19:28:47 +0100
Served asset /jquery-ui.css - 304 Not Modified (0ms)


Started GET "/assets/jquery.Jcrop.css?body=1" for 127.0.0.1 at 2012-11-13 19:28:47 +0100
Served asset /jquery.Jcrop.css - 304 Not Modified (1ms)


Started GET "/assets/jquery.timepicker.css?body=1" for 127.0.0.1 at 2012-11-13 19:28:47 +0100
Served asset /jquery.timepicker.css - 304 Not Modified (1ms)


Started GET "/assets/jquery.tagsinput.css?body=1" for 127.0.0.1 at 2012-11-13 19:28:47 +0100
Served asset /jquery.tagsinput.css - 304 Not Modified (0ms)


Started GET "/assets/admin/default.css?body=1" for 127.0.0.1 at 2012-11-13 19:28:47 +0100
Served asset /admin/default.css - 304 Not Modified (0ms)


Started GET "/assets/bootstrap.css?body=1" for 127.0.0.1 at 2012-11-13 19:28:47 +0100
Served asset /bootstrap.css - 304 Not Modified (0ms)


Started GET "/assets/comments.css?body=1" for 127.0.0.1 at 2012-11-13 19:28:47 +0100
Served asset /comments.css - 304 Not Modified (1ms)


Started GET "/assets/password_resets.css?body=1" for 127.0.0.1 at 2012-11-13 19:28:47 +0100
Served asset /password_resets.css - 304 Not Modified (0ms)


Started GET "/assets/scaffolds.css?body=1" for 127.0.0.1 at 2012-11-13 19:28:47 +0100
Served asset /scaffolds.css - 304 Not Modified (2ms)


Started GET "/assets/user_session.css?body=1" for 127.0.0.1 at 2012-11-13 19:28:48 +0100
Served asset /user_session.css - 304 Not Modified (1ms)


Started GET "/assets/users.css?body=1" for 127.0.0.1 at 2012-11-13 19:28:48 +0100
Served asset /users.css - 304 Not Modified (1ms)


Started GET "/assets/jquery.js?body=1" for 127.0.0.1 at 2012-11-13 19:28:48 +0100
Served asset /jquery.js - 304 Not Modified (0ms)


Started GET "/assets/jquery_ujs.js?body=1" for 127.0.0.1 at 2012-11-13 19:28:48 +0100
Served asset /jquery_ujs.js - 304 Not Modified (1ms)


Started GET "/assets/jquery_nested_form.js?body=1" for 127.0.0.1 at 2012-11-13 19:28:48 +0100
Served asset /jquery_nested_form.js - 304 Not Modified (0ms)


Started GET "/assets/jquery-ui.js?body=1" for 127.0.0.1 at 2012-11-13 19:28:48 +0100
Served asset /jquery-ui.js - 304 Not Modified (2ms)


Started GET "/assets/jquery.timepicker.js?body=1" for 127.0.0.1 at 2012-11-13 19:28:49 +0100
Served asset /jquery.timepicker.js - 304 Not Modified (0ms)


Started GET "/assets/jquery.Jcrop.js?body=1" for 127.0.0.1 at 2012-11-13 19:28:49 +0100
Served asset /jquery.Jcrop.js - 304 Not Modified (0ms)


Started GET "/assets/comments.js?body=1" for 127.0.0.1 at 2012-11-13 19:28:49 +0100
Served asset /comments.js - 304 Not Modified (0ms)


Started GET "/assets/admin/default.js?body=1" for 127.0.0.1 at 2012-11-13 19:28:49 +0100
Served asset /admin/default.js - 304 Not Modified (0ms)


Started GET "/assets/password_resets.js?body=1" for 127.0.0.1 at 2012-11-13 19:28:49 +0100
Served asset /password_resets.js - 304 Not Modified (1ms)


Started GET "/assets/user_session.js?body=1" for 127.0.0.1 at 2012-11-13 19:28:49 +0100
Served asset /user_session.js - 304 Not Modified (0ms)


Started GET "/assets/users.js?body=1" for 127.0.0.1 at 2012-11-13 19:28:49 +0100
Served asset /users.js - 304 Not Modified (1ms)
