Compiled jquery.js  (11ms)  (pid 21001)
Compiled jquery_ujs.js  (11ms)  (pid 21001)
Compiled jquery-ui.js  (10ms)  (pid 21001)
Compiled jquery_nested_form.js  (8ms)  (pid 21001)
Compiled jquery.timepicker.js  (1ms)  (pid 21001)
Compiled jquery.Jcrop.js  (2ms)  (pid 21001)
Compiled twitter/bootstrap/bootstrap-transition.js  (1ms)  (pid 21001)
Compiled twitter/bootstrap/bootstrap-alert.js  (3ms)  (pid 21001)
Compiled twitter/bootstrap/bootstrap-modal.js  (1ms)  (pid 21001)
Compiled twitter/bootstrap/bootstrap-dropdown.js  (0ms)  (pid 21001)
Compiled twitter/bootstrap/bootstrap-scrollspy.js  (0ms)  (pid 21001)
Compiled twitter/bootstrap/bootstrap-tab.js  (1ms)  (pid 21001)
Compiled twitter/bootstrap/bootstrap-tooltip.js  (0ms)  (pid 21001)
Compiled twitter/bootstrap/bootstrap-popover.js  (0ms)  (pid 21001)
Compiled twitter/bootstrap/bootstrap-button.js  (0ms)  (pid 21001)
Compiled twitter/bootstrap/bootstrap-collapse.js  (0ms)  (pid 21001)
Compiled twitter/bootstrap/bootstrap-carousel.js  (0ms)  (pid 21001)
Compiled twitter/bootstrap/bootstrap-typeahead.js  (0ms)  (pid 21001)
Compiled twitter/bootstrap/bootstrap-affix.js  (0ms)  (pid 21001)
Compiled twitter/bootstrap.js  (421ms)  (pid 21001)
Compiled admin/default.js  (0ms)  (pid 21001)
Compiled admin/application.js  (1049ms)  (pid 21001)
Compiled comments.js  (0ms)  (pid 21001)
Compiled password_resets.js  (0ms)  (pid 21001)
Compiled user_session.js  (0ms)  (pid 21001)
Compiled users.js  (0ms)  (pid 21001)
Compiled application.js  (328ms)  (pid 21001)
Compiled jquery-ui.css  (2293ms)  (pid 21001)
Compiled jquery.chosen.css  (366ms)  (pid 21001)
Compiled jquery.Jcrop.css  (24ms)  (pid 21001)
Compiled jquery.timepicker.css  (0ms)  (pid 21001)
Compiled jquery.tagsinput.css  (0ms)  (pid 21001)
Compiled admin/default.css  (82ms)  (pid 21001)
Compiled admin/application.css  (3265ms)  (pid 21001)
Compiled reset.css  (0ms)  (pid 21001)
Compiled admin/bootstrap_and_overrides.css  (2730ms)  (pid 21001)
Compiled bootstrap_and_overrides.css  (2731ms)  (pid 21001)
Compiled comments.css  (1ms)  (pid 21001)
Compiled password_resets.css  (1ms)  (pid 21001)
Compiled scaffolds.css  (20ms)  (pid 21001)
Compiled user_session.css  (2ms)  (pid 21001)
Compiled users.css  (3ms)  (pid 21001)
Compiled application.css  (5686ms)  (pid 21001)
Compiled jquery.js  (108ms)  (pid 21001)
Compiled jquery_ujs.js  (0ms)  (pid 21001)
Compiled jquery-ui.js  (9ms)  (pid 21001)
Compiled jquery_nested_form.js  (2ms)  (pid 21001)
Compiled jquery.timepicker.js  (1ms)  (pid 21001)
Compiled jquery.Jcrop.js  (90ms)  (pid 21001)
Compiled twitter/bootstrap/bootstrap-transition.js  (0ms)  (pid 21001)
Compiled twitter/bootstrap/bootstrap-alert.js  (0ms)  (pid 21001)
Compiled twitter/bootstrap/bootstrap-modal.js  (0ms)  (pid 21001)
Compiled twitter/bootstrap/bootstrap-dropdown.js  (1ms)  (pid 21001)
Compiled twitter/bootstrap/bootstrap-scrollspy.js  (0ms)  (pid 21001)
Compiled twitter/bootstrap/bootstrap-tab.js  (1ms)  (pid 21001)
Compiled twitter/bootstrap/bootstrap-tooltip.js  (1ms)  (pid 21001)
Compiled twitter/bootstrap/bootstrap-popover.js  (0ms)  (pid 21001)
Compiled twitter/bootstrap/bootstrap-button.js  (0ms)  (pid 21001)
Compiled twitter/bootstrap/bootstrap-collapse.js  (0ms)  (pid 21001)
Compiled twitter/bootstrap/bootstrap-carousel.js  (0ms)  (pid 21001)
Compiled twitter/bootstrap/bootstrap-typeahead.js  (1ms)  (pid 21001)
Compiled twitter/bootstrap/bootstrap-affix.js  (0ms)  (pid 21001)
Compiled twitter/bootstrap.js  (435ms)  (pid 21001)
Compiled admin/default.js  (0ms)  (pid 21001)
Compiled admin/application.js  (856ms)  (pid 21001)
Compiled comments.js  (0ms)  (pid 21001)
Compiled password_resets.js  (0ms)  (pid 21001)
Compiled user_session.js  (0ms)  (pid 21001)
Compiled users.js  (0ms)  (pid 21001)
Compiled application.js  (164ms)  (pid 21001)
Compiled jquery-ui.css  (1662ms)  (pid 21001)
Compiled jquery.chosen.css  (353ms)  (pid 21001)
Compiled jquery.Jcrop.css  (16ms)  (pid 21001)
Compiled jquery.timepicker.css  (0ms)  (pid 21001)
Compiled jquery.tagsinput.css  (4ms)  (pid 21001)
Compiled admin/default.css  (87ms)  (pid 21001)
Compiled admin/application.css  (2354ms)  (pid 21001)
Compiled reset.css  (0ms)  (pid 21001)
Compiled admin/bootstrap_and_overrides.css  (2487ms)  (pid 21001)
Compiled bootstrap_and_overrides.css  (2679ms)  (pid 21001)
Compiled comments.css  (1ms)  (pid 21001)
Compiled password_resets.css  (1ms)  (pid 21001)
Compiled scaffolds.css  (29ms)  (pid 21001)
Compiled user_session.css  (1ms)  (pid 21001)
Compiled users.css  (2ms)  (pid 21001)
Compiled application.css  (5365ms)  (pid 21001)
